[2025-09-22 01:58:36] [31merror[39m: [POST] /api/notes - Invalid value, Content is required
[2025-09-22 01:58:53] [31merror[39m: [GET] /api/notes/%D0%B2%D1%84%D1%8B%D0%B2%D1%84%D1%8B%D0%B2%D1%84%D1%8B%D0%B2 - Note not found
[2025-09-22 01:59:12] [31merror[39m: [DELETE] /api/notes/%D1%84%D1%8B%D1%84%D1%8B%D0%B2%D1%84%D1%8B%D0%B2 - 
Invalid `prisma.note.delete()` invocation in
/Users/yerkanatsultanov/JuniorPlus-Test-Task/backend /src/repository/repo.ts:17:30

  14 },
  15 
  16 async delete(id: string): Promise<Note> {
→ 17   return prisma.note.delete(
An operation failed because it depends on one or more records that were required but not found. No record was found for a delete.
[2025-09-22 02:11:14] [31merror[39m: [DELETE] /api/notes/fsdfsfs - Note with id=fsdfsfs not found
[2025-09-22 02:11:24] [31merror[39m: [GET] /api/notes/fsdfsdf - Note not found
[2025-09-22 02:11:36] [31merror[39m: [PUT] /api/notes/sdfsdfs - Note with id=sdfsdfs not found
[2025-09-22 17:42:15] [31merror[39m: [DELETE] /api/notes/undefined - Note with id=undefined not found
[2025-09-22 18:31:43] [31merror[39m: [DELETE] /api/notes/undefined - Note with id=undefined not found
[2025-09-23 01:01:43] [31merror[39m: [GET] /api/notes - 
Invalid `prisma.note.findMany()` invocation in
/Users/yerkanatsultanov/JuniorPlus-Test-Task/backend/src/repository/repo.ts:10:24

   7 
   8 export const NotesRepo = {
   9   async getAll(): Promise<Note[]> {
→ 10     return prisma.note.findMany(
Can't reach database server at `localhost:5432`

Please make sure your database server is running at `localhost:5432`.
[2025-09-23 01:01:45] [31merror[39m: [GET] /api/notes - 
Invalid `prisma.note.findMany()` invocation in
/Users/yerkanatsultanov/JuniorPlus-Test-Task/backend/src/repository/repo.ts:10:24

   7 
   8 export const NotesRepo = {
   9   async getAll(): Promise<Note[]> {
→ 10     return prisma.note.findMany(
Can't reach database server at `localhost:5432`

Please make sure your database server is running at `localhost:5432`.
[2025-09-23 01:01:45] [31merror[39m: [GET] /api/notes - 
Invalid `prisma.note.findMany()` invocation in
/Users/yerkanatsultanov/JuniorPlus-Test-Task/backend/src/repository/repo.ts:10:24

   7 
   8 export const NotesRepo = {
   9   async getAll(): Promise<Note[]> {
→ 10     return prisma.note.findMany(
Can't reach database server at `localhost:5432`

Please make sure your database server is running at `localhost:5432`.
[2025-09-23 01:03:19] [31merror[39m: [GET] /api/notes - 
Invalid `prisma.note.findMany()` invocation in
/Users/yerkanatsultanov/JuniorPlus-Test-Task/backend/src/repository/repo.ts:10:24

   7 
   8 export const NotesRepo = {
   9   async getAll(): Promise<Note[]> {
→ 10     return prisma.note.findMany(
Can't reach database server at `localhost:5432`

Please make sure your database server is running at `localhost:5432`.
[2025-09-23 01:03:20] [31merror[39m: [GET] /api/notes - 
Invalid `prisma.note.findMany()` invocation in
/Users/yerkanatsultanov/JuniorPlus-Test-Task/backend/src/repository/repo.ts:10:24

   7 
   8 export const NotesRepo = {
   9   async getAll(): Promise<Note[]> {
→ 10     return prisma.note.findMany(
Can't reach database server at `localhost:5432`

Please make sure your database server is running at `localhost:5432`.
[2025-09-23 01:03:20] [31merror[39m: [GET] /api/notes - 
Invalid `prisma.note.findMany()` invocation in
/Users/yerkanatsultanov/JuniorPlus-Test-Task/backend/src/repository/repo.ts:10:24

   7 
   8 export const NotesRepo = {
   9   async getAll(): Promise<Note[]> {
→ 10     return prisma.note.findMany(
Can't reach database server at `localhost:5432`

Please make sure your database server is running at `localhost:5432`.
[2025-09-23 01:03:20] [31merror[39m: [GET] /api/notes - 
Invalid `prisma.note.findMany()` invocation in
/Users/yerkanatsultanov/JuniorPlus-Test-Task/backend/src/repository/repo.ts:10:24

   7 
   8 export const NotesRepo = {
   9   async getAll(): Promise<Note[]> {
→ 10     return prisma.note.findMany(
Can't reach database server at `localhost:5432`

Please make sure your database server is running at `localhost:5432`.
[2025-09-23 01:03:20] [31merror[39m: [GET] /api/notes - 
Invalid `prisma.note.findMany()` invocation in
/Users/yerkanatsultanov/JuniorPlus-Test-Task/backend/src/repository/repo.ts:10:24

   7 
   8 export const NotesRepo = {
   9   async getAll(): Promise<Note[]> {
→ 10     return prisma.note.findMany(
Can't reach database server at `localhost:5432`

Please make sure your database server is running at `localhost:5432`.
[2025-09-23 01:03:21] [31merror[39m: [GET] /api/notes - 
Invalid `prisma.note.findMany()` invocation in
/Users/yerkanatsultanov/JuniorPlus-Test-Task/backend/src/repository/repo.ts:10:24

   7 
   8 export const NotesRepo = {
   9   async getAll(): Promise<Note[]> {
→ 10     return prisma.note.findMany(
Can't reach database server at `localhost:5432`

Please make sure your database server is running at `localhost:5432`.
[2025-09-23 01:03:21] [31merror[39m: [GET] /api/notes - 
Invalid `prisma.note.findMany()` invocation in
/Users/yerkanatsultanov/JuniorPlus-Test-Task/backend/src/repository/repo.ts:10:24

   7 
   8 export const NotesRepo = {
   9   async getAll(): Promise<Note[]> {
→ 10     return prisma.note.findMany(
Can't reach database server at `localhost:5432`

Please make sure your database server is running at `localhost:5432`.
