[2025-10-13 14:42:29] [32minfo[39m: [GET] /api/notes
[2025-10-13 14:42:29] [32minfo[39m: Fetched 4 notes
[2025-10-13 14:43:27] [32minfo[39m: [GET] /api/notes
[2025-10-13 14:43:27] [32minfo[39m: Fetched 4 notes
[2025-10-13 14:43:33] [32minfo[39m: [GET] /api/notes
[2025-10-13 14:43:33] [32minfo[39m: Fetched 4 notes
[2025-10-13 14:43:36] [32minfo[39m: [DELETE] /api/notes/70061f5a-087f-44cb-b3f4-e8fc0899d34b
[2025-10-13 14:43:36] [32minfo[39m: Deleted note: 70061f5a-087f-44cb-b3f4-e8fc0899d34b
[2025-10-13 14:43:36] [32minfo[39m: [GET] /api/notes
[2025-10-13 14:43:36] [32minfo[39m: Fetched 3 notes
[2025-10-13 14:43:36] [32minfo[39m: [DELETE] /api/notes/c09ec2f6-e9bd-4be7-9c5c-726c346252ec
[2025-10-13 14:43:36] [32minfo[39m: Deleted note: c09ec2f6-e9bd-4be7-9c5c-726c346252ec
[2025-10-13 14:43:36] [32minfo[39m: [GET] /api/notes
[2025-10-13 14:43:36] [32minfo[39m: Fetched 2 notes
[2025-10-13 14:43:37] [32minfo[39m: [DELETE] /api/notes/1f0eb162-7d04-44a6-94eb-39fe97294c90
[2025-10-13 14:43:37] [32minfo[39m: Deleted note: 1f0eb162-7d04-44a6-94eb-39fe97294c90
[2025-10-13 14:43:37] [32minfo[39m: [GET] /api/notes
[2025-10-13 14:43:37] [32minfo[39m: Fetched 1 notes
[2025-10-13 14:43:38] [32minfo[39m: [DELETE] /api/notes/7ef2970f-e6dc-48e7-aeea-0855374f137a
[2025-10-13 14:43:38] [32minfo[39m: Deleted note: 7ef2970f-e6dc-48e7-aeea-0855374f137a
[2025-10-13 14:43:38] [32minfo[39m: [GET] /api/notes
[2025-10-13 14:43:38] [32minfo[39m: Fetched 0 notes
[2025-10-13 14:43:39] [32minfo[39m: [GET] /api/notes
[2025-10-13 14:43:39] [32minfo[39m: Fetched 0 notes
[2025-10-13 14:43:44] [32minfo[39m: [GET] /api/notes
[2025-10-13 14:43:44] [32minfo[39m: Fetched 0 notes
[2025-10-13 14:46:00] [32minfo[39m: [POST] /api/notes
[2025-10-13 14:46:01] [32minfo[39m: Created note: 6155da27-2ef4-48db-9a16-7f5e383f0956
[2025-10-13 14:46:01] [32minfo[39m: [GET] /api/notes
[2025-10-13 14:46:01] [32minfo[39m: Fetched 1 notes
[2025-10-13 15:01:05] [32minfo[39m: [GET] /api/notes
[2025-10-13 15:01:06] [32minfo[39m: Fetched 1 notes
[2025-10-13 15:01:14] [32minfo[39m: [GET] /api/notes
[2025-10-13 15:01:14] [32minfo[39m: Fetched 1 notes
[2025-10-13 15:01:20] [32minfo[39m: [POST] /api/notes
[2025-10-13 15:01:20] [32minfo[39m: Created note: 5694293f-100a-476c-9d06-701bb44c691d
[2025-10-13 15:01:20] [32minfo[39m: [GET] /api/notes
[2025-10-13 15:01:20] [32minfo[39m: Fetched 2 notes
[2025-10-13 15:01:47] [32minfo[39m: [GET] /api/notes
[2025-10-13 15:01:47] [32minfo[39m: Fetched 2 notes
[2025-10-13 15:04:23] [32minfo[39m: [GET] /api/notes
[2025-10-13 15:04:24] [32minfo[39m: Fetched 2 notes
[2025-10-13 15:05:46] [32minfo[39m: [GET] /api/notes
[2025-10-13 15:05:46] [32minfo[39m: Fetched 2 notes
[2025-10-13 15:19:29] [32minfo[39m: [GET] /api/notes
[2025-10-13 15:19:29] [32minfo[39m: Fetched 2 notes
[2025-10-13 15:19:34] [32minfo[39m: [DELETE] /api/notes/6155da27-2ef4-48db-9a16-7f5e383f0956
[2025-10-13 15:19:34] [32minfo[39m: Deleted note: 6155da27-2ef4-48db-9a16-7f5e383f0956
[2025-10-13 15:19:34] [32minfo[39m: [GET] /api/notes
[2025-10-13 15:19:34] [32minfo[39m: Fetched 1 notes
[2025-10-13 15:19:54] [32minfo[39m: [POST] /api/notes
[2025-10-13 15:19:54] [32minfo[39m: Created note: fbb9335e-3e65-491f-96d3-a2713742e643
[2025-10-13 15:19:54] [32minfo[39m: [GET] /api/notes
[2025-10-13 15:19:54] [32minfo[39m: Fetched 2 notes
[2025-10-13 15:27:25] [32minfo[39m: [GET] /api/notes
[2025-10-13 15:27:25] [32minfo[39m: Fetched 2 notes
[2025-10-13 15:27:27] [32minfo[39m: [GET] /api/notes
[2025-10-13 15:27:27] [32minfo[39m: Fetched 2 notes
[2025-10-13 15:31:16] [32minfo[39m: [GET] /api/notes
[2025-10-13 15:31:16] [32minfo[39m: Fetched 2 notes
[2025-10-13 15:34:41] [32minfo[39m: [GET] /api/notes
[2025-10-13 15:34:41] [32minfo[39m: Fetched 2 notes
[2025-10-13 15:41:22] [32minfo[39m: [POST] /api/notes
[2025-10-13 15:41:22] [32minfo[39m: Created note: 47ea0165-b4b2-4f17-aec6-4bc822f25758
[2025-10-13 15:41:22] [32minfo[39m: [GET] /api/notes
[2025-10-13 15:41:22] [32minfo[39m: Fetched 3 notes
[2025-10-13 15:41:45] [32minfo[39m: [GET] /api/notes
[2025-10-13 15:41:45] [32minfo[39m: Fetched 3 notes
[2025-10-13 15:44:07] [32minfo[39m: [GET] /api/notes
[2025-10-13 15:44:07] [32minfo[39m: Fetched 3 notes
[2025-10-13 15:44:09] [32minfo[39m: [GET] /api/notes
[2025-10-13 15:44:09] [32minfo[39m: Fetched 3 notes
[2025-10-14 10:04:51] [32minfo[39m: [GET] /api/notes
[2025-10-14 10:04:51] [32minfo[39m: Fetched 3 notes
[2025-10-14 10:05:02] [32minfo[39m: [POST] /api/notes
[2025-10-14 10:05:02] [32minfo[39m: Created note: f9f1aed8-7452-4f3b-9e98-944563fc91a7
[2025-10-14 10:05:02] [32minfo[39m: [GET] /api/notes
[2025-10-14 10:05:02] [32minfo[39m: Fetched 4 notes
[2025-10-14 10:05:06] [32minfo[39m: [DELETE] /api/notes/f9f1aed8-7452-4f3b-9e98-944563fc91a7
[2025-10-14 10:05:06] [32minfo[39m: Deleted note: f9f1aed8-7452-4f3b-9e98-944563fc91a7
[2025-10-14 10:05:06] [32minfo[39m: [GET] /api/notes
[2025-10-14 10:05:06] [32minfo[39m: Fetched 3 notes
[2025-10-14 10:13:14] [32minfo[39m: [GET] /api/notes
[2025-10-14 10:13:14] [32minfo[39m: Fetched 3 notes
[2025-10-14 10:13:22] [32minfo[39m: [PUT] /api/notes/fbb9335e-3e65-491f-96d3-a2713742e643
[2025-10-14 10:13:22] [32minfo[39m: Updated note: fbb9335e-3e65-491f-96d3-a2713742e643
[2025-10-14 10:13:22] [32minfo[39m: [GET] /api/notes
[2025-10-14 10:13:22] [32minfo[39m: Fetched 3 notes
[2025-10-14 10:13:34] [32minfo[39m: [PUT] /api/notes/5694293f-100a-476c-9d06-701bb44c691d
[2025-10-14 10:13:34] [32minfo[39m: Updated note: 5694293f-100a-476c-9d06-701bb44c691d
[2025-10-14 10:13:34] [32minfo[39m: [GET] /api/notes
[2025-10-14 10:13:34] [32minfo[39m: Fetched 3 notes
[2025-10-14 10:13:52] [32minfo[39m: [POST] /api/notes
[2025-10-14 10:13:52] [32minfo[39m: Created note: 75bdcec5-4157-4775-865e-b99f1812a724
[2025-10-14 10:13:52] [32minfo[39m: [GET] /api/notes
[2025-10-14 10:13:52] [32minfo[39m: Fetched 4 notes
[2025-10-14 10:14:10] [32minfo[39m: [PUT] /api/notes/75bdcec5-4157-4775-865e-b99f1812a724
[2025-10-14 10:14:10] [32minfo[39m: Updated note: 75bdcec5-4157-4775-865e-b99f1812a724
[2025-10-14 10:14:10] [32minfo[39m: [GET] /api/notes
[2025-10-14 10:14:10] [32minfo[39m: Fetched 4 notes
[2025-10-14 10:14:48] [32minfo[39m: [PUT] /api/notes/47ea0165-b4b2-4f17-aec6-4bc822f25758
[2025-10-14 10:14:48] [32minfo[39m: Updated note: 47ea0165-b4b2-4f17-aec6-4bc822f25758
[2025-10-14 10:14:48] [32minfo[39m: [GET] /api/notes
[2025-10-14 10:14:48] [32minfo[39m: Fetched 4 notes
[2025-10-14 10:14:52] [32minfo[39m: [PUT] /api/notes/fbb9335e-3e65-491f-96d3-a2713742e643
[2025-10-14 10:14:52] [32minfo[39m: Updated note: fbb9335e-3e65-491f-96d3-a2713742e643
[2025-10-14 10:14:52] [32minfo[39m: [GET] /api/notes
[2025-10-14 10:14:52] [32minfo[39m: Fetched 4 notes
[2025-10-14 11:01:27] [32minfo[39m: [GET] /api/notes
[2025-10-14 11:01:27] [32minfo[39m: Fetched 0 notes
[2025-10-14 11:01:32] [32minfo[39m: [GET] /api/notes
[2025-10-14 11:01:32] [32minfo[39m: Fetched 0 notes
[2025-10-14 11:01:48] [32minfo[39m: [GET] /api/notes
[2025-10-14 11:01:48] [32minfo[39m: Fetched 0 notes
[2025-10-14 11:01:51] [32minfo[39m: [GET] /api/notes
[2025-10-14 11:01:51] [32minfo[39m: Fetched 0 notes
[2025-10-14 11:03:21] [32minfo[39m: [POST] /api/notes
[2025-10-14 11:03:21] [32minfo[39m: Created note: 2508af4a-def7-4520-9efd-d7b97d21f135
[2025-10-14 11:03:21] [32minfo[39m: [GET] /api/notes
[2025-10-14 11:03:21] [32minfo[39m: Fetched 1 notes
[2025-10-14 11:03:28] [32minfo[39m: [POST] /api/notes
[2025-10-14 11:03:28] [32minfo[39m: Created note: 58b6b80e-e244-414e-a087-47f8b1d8859d
[2025-10-14 11:03:28] [32minfo[39m: [GET] /api/notes
[2025-10-14 11:03:28] [32minfo[39m: Fetched 2 notes
[2025-10-14 11:03:33] [32minfo[39m: [PUT] /api/notes/2508af4a-def7-4520-9efd-d7b97d21f135
[2025-10-14 11:03:33] [32minfo[39m: Updated note: 2508af4a-def7-4520-9efd-d7b97d21f135
[2025-10-14 11:03:33] [32minfo[39m: [GET] /api/notes
[2025-10-14 11:03:33] [32minfo[39m: Fetched 2 notes
[2025-10-14 11:03:36] [32minfo[39m: [PUT] /api/notes/2508af4a-def7-4520-9efd-d7b97d21f135
[2025-10-14 11:03:36] [32minfo[39m: Updated note: 2508af4a-def7-4520-9efd-d7b97d21f135
[2025-10-14 11:03:36] [32minfo[39m: [GET] /api/notes
[2025-10-14 11:03:36] [32minfo[39m: Fetched 2 notes
[2025-10-14 11:03:39] [32minfo[39m: [PUT] /api/notes/2508af4a-def7-4520-9efd-d7b97d21f135
[2025-10-14 11:03:39] [32minfo[39m: Updated note: 2508af4a-def7-4520-9efd-d7b97d21f135
[2025-10-14 11:03:39] [32minfo[39m: [GET] /api/notes
[2025-10-14 11:03:39] [32minfo[39m: Fetched 2 notes
